23:03:44,257  INFO Version:66 - HCANN000001: Hibernate Commons Annotations {4.0.4.Final}
23:03:44,271  INFO Version:54 - HHH000412: Hibernate Core {4.3.3.Final}
23:03:44,276  INFO Environment:239 - HHH000206: hibernate.properties not found
23:03:44,279  INFO Environment:346 - HHH000021: Bytecode provider name : javassist
23:03:44,335  INFO Configuration:2073 - HHH000043: Configuring from resource: hibernate.cfg.xml
23:03:44,335  INFO Configuration:2092 - HHH000040: Configuration resource: hibernate.cfg.xml
23:03:44,410  WARN DTDEntityResolver:75 - HHH000223: Recognized obsolete hibernate namespace http://hibernate.sourceforge.net/. Use namespace http://www.hibernate.org/dtd/ instead. Refer to Hibernate 3.6 Migration Guide!
23:03:44,458  INFO Configuration:757 - HHH000221: Reading mappings from resource: config/hibernate-mapping.xml
23:03:44,505  WARN DTDEntityResolver:75 - HHH000223: Recognized obsolete hibernate namespace http://hibernate.sourceforge.net/. Use namespace http://www.hibernate.org/dtd/ instead. Refer to Hibernate 3.6 Migration Guide!
23:03:44,561  INFO Configuration:2214 - HHH000041: Configured SessionFactory: null
23:03:44,771  WARN DriverManagerConnectionProviderImpl:93 - HHH000402: Using Hibernate built-in connection pool (not for production use!)
23:03:44,772  INFO DriverManagerConnectionProviderImpl:166 - HHH000401: using driver [null] at URL [jdbc:postgresql://localhost:5432/hibernate]
23:03:44,772  INFO DriverManagerConnectionProviderImpl:175 - HHH000046: Connection properties: {user=root, password=****}
23:03:44,772  INFO DriverManagerConnectionProviderImpl:180 - HHH000006: Autocommit mode: false
23:03:44,775  INFO DriverManagerConnectionProviderImpl:102 - HHH000115: Hibernate connection pool size: 10 (min=1)
23:03:45,201  INFO Dialect:145 - HHH000400: Using dialect: org.hibernate.dialect.PostgreSQL82Dialect
23:03:45,227  INFO LobCreatorBuilder:123 - HHH000424: Disabling contextual LOB creation as createClob() method threw error : java.lang.reflect.InvocationTargetException
23:03:45,587  INFO TransactionFactoryInitiator:62 - HHH000399: Using default transaction strategy (direct JDBC transactions)
23:03:45,600  INFO ASTQueryTranslatorFactory:47 - HHH000397: Using ASTQueryTranslatorFactory
23:03:45,904  INFO UpdateTimestampsCache:72 - HHH000250: Starting update timestamps cache at region: org.hibernate.cache.spi.UpdateTimestampsCache
23:03:45,907  WARN AbstractEhcacheRegionFactory:179 - HHH020003: Could not find a specific ehcache configuration for cache named [org.hibernate.cache.spi.UpdateTimestampsCache]; using defaults.
23:03:45,910  INFO StandardQueryCache:90 - HHH000248: Starting query cache at region: org.hibernate.cache.internal.StandardQueryCache
23:03:45,911  WARN AbstractEhcacheRegionFactory:179 - HHH020003: Could not find a specific ehcache configuration for cache named [org.hibernate.cache.internal.StandardQueryCache]; using defaults.
23:03:46,164  INFO SchemaUpdate:182 - HHH000228: Running hbm2ddl schema update
23:03:46,165  INFO SchemaUpdate:193 - HHH000102: Fetching database metadata
23:03:46,168  INFO SchemaUpdate:205 - HHH000396: Updating schema
23:03:46,202  INFO TableMetadata:66 - HHH000261: Table found: public.address
23:03:46,202  INFO TableMetadata:67 - HHH000037: Columns: [id, first_line, second_line, zip_code, person_id, city]
23:03:46,202  INFO TableMetadata:69 - HHH000108: Foreign keys: [fk_pfg7anuxkd85cthwxi9373eac]
23:03:46,202  INFO TableMetadata:70 - HHH000126: Indexes: [address_pkey]
23:03:46,225  INFO TableMetadata:66 - HHH000261: Table found: public.person
23:03:46,226  INFO TableMetadata:67 - HHH000037: Columns: [id, first_name, last_name]
23:03:46,226  INFO TableMetadata:69 - HHH000108: Foreign keys: []
23:03:46,226  INFO TableMetadata:70 - HHH000126: Indexes: [person_pkey]
23:03:46,258  INFO TableMetadata:66 - HHH000261: Table found: public.t_profile
23:03:46,258  INFO TableMetadata:67 - HHH000037: Columns: [id, profile_name, user_id]
23:03:46,258  INFO TableMetadata:69 - HHH000108: Foreign keys: [fk_hwck6rku6h9pspnnjq2m7cxwx]
23:03:46,258  INFO TableMetadata:70 - HHH000126: Indexes: [t_profile_pkey]
23:03:46,280  INFO TableMetadata:66 - HHH000261: Table found: public.t_user
23:03:46,280  INFO TableMetadata:67 - HHH000037: Columns: [id, first_name, last_name]
23:03:46,280  INFO TableMetadata:69 - HHH000108: Foreign keys: []
23:03:46,281  INFO TableMetadata:70 - HHH000126: Indexes: [t_user_pkey]
23:03:46,282  INFO SchemaUpdate:242 - HHH000232: Schema update complete
23:03:46,443  WARN SqlExceptionHelper:144 - SQL Error: 0, SQLState: 23505
23:03:46,444 ERROR SqlExceptionHelper:146 - ERROR: duplicate key value violates unique constraint "person_pkey"
  Detail: Key (id)=(1) already exists.
23:03:46,445  INFO AbstractBatchImpl:208 - HHH000010: On release of batch it still contained JDBC statements
23:04:03,310  INFO Version:66 - HCANN000001: Hibernate Commons Annotations {4.0.4.Final}
23:04:03,334  INFO Version:54 - HHH000412: Hibernate Core {4.3.3.Final}
23:04:03,341  INFO Environment:239 - HHH000206: hibernate.properties not found
23:04:03,344  INFO Environment:346 - HHH000021: Bytecode provider name : javassist
23:04:03,377  INFO Configuration:2073 - HHH000043: Configuring from resource: hibernate.cfg.xml
23:04:03,377  INFO Configuration:2092 - HHH000040: Configuration resource: hibernate.cfg.xml
23:04:03,442  WARN DTDEntityResolver:75 - HHH000223: Recognized obsolete hibernate namespace http://hibernate.sourceforge.net/. Use namespace http://www.hibernate.org/dtd/ instead. Refer to Hibernate 3.6 Migration Guide!
23:04:03,491  INFO Configuration:757 - HHH000221: Reading mappings from resource: config/hibernate-mapping.xml
23:04:03,523  WARN DTDEntityResolver:75 - HHH000223: Recognized obsolete hibernate namespace http://hibernate.sourceforge.net/. Use namespace http://www.hibernate.org/dtd/ instead. Refer to Hibernate 3.6 Migration Guide!
23:04:03,605  INFO Configuration:2214 - HHH000041: Configured SessionFactory: null
23:04:03,792  WARN DriverManagerConnectionProviderImpl:93 - HHH000402: Using Hibernate built-in connection pool (not for production use!)
23:04:03,793  INFO DriverManagerConnectionProviderImpl:166 - HHH000401: using driver [null] at URL [jdbc:postgresql://localhost:5432/hibernate]
23:04:03,793  INFO DriverManagerConnectionProviderImpl:175 - HHH000046: Connection properties: {user=root, password=****}
23:04:03,794  INFO DriverManagerConnectionProviderImpl:180 - HHH000006: Autocommit mode: false
23:04:03,795  INFO DriverManagerConnectionProviderImpl:102 - HHH000115: Hibernate connection pool size: 10 (min=1)
23:04:04,212  INFO Dialect:145 - HHH000400: Using dialect: org.hibernate.dialect.PostgreSQL82Dialect
23:04:04,238  INFO LobCreatorBuilder:123 - HHH000424: Disabling contextual LOB creation as createClob() method threw error : java.lang.reflect.InvocationTargetException
23:04:04,576  INFO TransactionFactoryInitiator:62 - HHH000399: Using default transaction strategy (direct JDBC transactions)
23:04:04,586  INFO ASTQueryTranslatorFactory:47 - HHH000397: Using ASTQueryTranslatorFactory
23:04:04,840  INFO UpdateTimestampsCache:72 - HHH000250: Starting update timestamps cache at region: org.hibernate.cache.spi.UpdateTimestampsCache
23:04:04,844  WARN AbstractEhcacheRegionFactory:179 - HHH020003: Could not find a specific ehcache configuration for cache named [org.hibernate.cache.spi.UpdateTimestampsCache]; using defaults.
23:04:04,848  INFO StandardQueryCache:90 - HHH000248: Starting query cache at region: org.hibernate.cache.internal.StandardQueryCache
23:04:04,849  WARN AbstractEhcacheRegionFactory:179 - HHH020003: Could not find a specific ehcache configuration for cache named [org.hibernate.cache.internal.StandardQueryCache]; using defaults.
23:04:05,079  INFO SchemaUpdate:182 - HHH000228: Running hbm2ddl schema update
23:04:05,079  INFO SchemaUpdate:193 - HHH000102: Fetching database metadata
23:04:05,082  INFO SchemaUpdate:205 - HHH000396: Updating schema
23:04:05,116  INFO TableMetadata:66 - HHH000261: Table found: public.address
23:04:05,116  INFO TableMetadata:67 - HHH000037: Columns: [id, first_line, second_line, zip_code, person_id, city]
23:04:05,116  INFO TableMetadata:69 - HHH000108: Foreign keys: [fk_pfg7anuxkd85cthwxi9373eac]
23:04:05,117  INFO TableMetadata:70 - HHH000126: Indexes: [address_pkey]
23:04:05,137  INFO TableMetadata:66 - HHH000261: Table found: public.person
23:04:05,137  INFO TableMetadata:67 - HHH000037: Columns: [id, first_name, last_name]
23:04:05,137  INFO TableMetadata:69 - HHH000108: Foreign keys: []
23:04:05,137  INFO TableMetadata:70 - HHH000126: Indexes: [person_pkey]
23:04:05,169  INFO TableMetadata:66 - HHH000261: Table found: public.t_profile
23:04:05,170  INFO TableMetadata:67 - HHH000037: Columns: [id, profile_name, user_id]
23:04:05,170  INFO TableMetadata:69 - HHH000108: Foreign keys: [fk_hwck6rku6h9pspnnjq2m7cxwx]
23:04:05,170  INFO TableMetadata:70 - HHH000126: Indexes: [t_profile_pkey]
23:04:05,195  INFO TableMetadata:66 - HHH000261: Table found: public.t_user
23:04:05,195  INFO TableMetadata:67 - HHH000037: Columns: [id, first_name, last_name]
23:04:05,195  INFO TableMetadata:69 - HHH000108: Foreign keys: []
23:04:05,195  INFO TableMetadata:70 - HHH000126: Indexes: [t_user_pkey]
23:04:05,196  INFO SchemaUpdate:242 - HHH000232: Schema update complete
23:04:05,344  INFO StatisticalLoggingSessionEventListener:275 - Session Metrics {
    17369 nanoseconds spent acquiring 1 JDBC connections;
    0 nanoseconds spent releasing 0 JDBC connections;
    247118 nanoseconds spent preparing 1 JDBC statements;
    2137219 nanoseconds spent executing 1 JDBC statements;
    0 nanoseconds spent executing 0 JDBC batches;
    0 nanoseconds spent performing 0 L2C puts;
    0 nanoseconds spent performing 0 L2C hits;
    0 nanoseconds spent performing 0 L2C misses;
    0 nanoseconds spent executing 0 flushes (flushing a total of 0 entities and 0 collections);
    0 nanoseconds spent executing 0 partial-flushes (flushing a total of 0 entities and 0 collections)
}
23:05:52,031  INFO Version:66 - HCANN000001: Hibernate Commons Annotations {4.0.4.Final}
23:05:52,062  INFO Version:54 - HHH000412: Hibernate Core {4.3.3.Final}
23:05:52,070  INFO Environment:239 - HHH000206: hibernate.properties not found
23:05:52,074  INFO Environment:346 - HHH000021: Bytecode provider name : javassist
23:05:52,111  INFO Configuration:2073 - HHH000043: Configuring from resource: hibernate.cfg.xml
23:05:52,111  INFO Configuration:2092 - HHH000040: Configuration resource: hibernate.cfg.xml
23:05:52,203  WARN DTDEntityResolver:75 - HHH000223: Recognized obsolete hibernate namespace http://hibernate.sourceforge.net/. Use namespace http://www.hibernate.org/dtd/ instead. Refer to Hibernate 3.6 Migration Guide!
23:05:52,249  INFO Configuration:757 - HHH000221: Reading mappings from resource: config/hibernate-mapping.xml
23:05:52,294  WARN DTDEntityResolver:75 - HHH000223: Recognized obsolete hibernate namespace http://hibernate.sourceforge.net/. Use namespace http://www.hibernate.org/dtd/ instead. Refer to Hibernate 3.6 Migration Guide!
23:05:52,365  INFO Configuration:2214 - HHH000041: Configured SessionFactory: null
23:05:52,599  WARN DriverManagerConnectionProviderImpl:93 - HHH000402: Using Hibernate built-in connection pool (not for production use!)
23:05:52,600  INFO DriverManagerConnectionProviderImpl:166 - HHH000401: using driver [null] at URL [jdbc:postgresql://localhost:5432/hibernate]
23:05:52,601  INFO DriverManagerConnectionProviderImpl:175 - HHH000046: Connection properties: {user=root, password=****}
23:05:52,601  INFO DriverManagerConnectionProviderImpl:180 - HHH000006: Autocommit mode: false
23:05:52,603  INFO DriverManagerConnectionProviderImpl:102 - HHH000115: Hibernate connection pool size: 10 (min=1)
23:05:53,039  INFO Dialect:145 - HHH000400: Using dialect: org.hibernate.dialect.PostgreSQL82Dialect
23:05:53,061  INFO LobCreatorBuilder:123 - HHH000424: Disabling contextual LOB creation as createClob() method threw error : java.lang.reflect.InvocationTargetException
23:05:53,406  INFO TransactionFactoryInitiator:62 - HHH000399: Using default transaction strategy (direct JDBC transactions)
23:05:53,415  INFO ASTQueryTranslatorFactory:47 - HHH000397: Using ASTQueryTranslatorFactory
23:05:53,759  INFO UpdateTimestampsCache:72 - HHH000250: Starting update timestamps cache at region: org.hibernate.cache.spi.UpdateTimestampsCache
23:05:53,762  WARN AbstractEhcacheRegionFactory:179 - HHH020003: Could not find a specific ehcache configuration for cache named [org.hibernate.cache.spi.UpdateTimestampsCache]; using defaults.
23:05:53,766  INFO StandardQueryCache:90 - HHH000248: Starting query cache at region: org.hibernate.cache.internal.StandardQueryCache
23:05:53,767  WARN AbstractEhcacheRegionFactory:179 - HHH020003: Could not find a specific ehcache configuration for cache named [org.hibernate.cache.internal.StandardQueryCache]; using defaults.
23:05:54,054  INFO SchemaUpdate:182 - HHH000228: Running hbm2ddl schema update
23:05:54,054  INFO SchemaUpdate:193 - HHH000102: Fetching database metadata
23:05:54,058  INFO SchemaUpdate:205 - HHH000396: Updating schema
23:05:54,098  INFO TableMetadata:66 - HHH000261: Table found: public.address
23:05:54,098  INFO TableMetadata:67 - HHH000037: Columns: [id, first_line, second_line, zip_code, person_id, city]
23:05:54,099  INFO TableMetadata:69 - HHH000108: Foreign keys: [fk_pfg7anuxkd85cthwxi9373eac]
23:05:54,099  INFO TableMetadata:70 - HHH000126: Indexes: [address_pkey]
23:05:54,122  INFO TableMetadata:66 - HHH000261: Table found: public.person
23:05:54,123  INFO TableMetadata:67 - HHH000037: Columns: [id, first_name, last_name]
23:05:54,123  INFO TableMetadata:69 - HHH000108: Foreign keys: []
23:05:54,123  INFO TableMetadata:70 - HHH000126: Indexes: [person_pkey]
23:05:54,157  INFO TableMetadata:66 - HHH000261: Table found: public.t_profile
23:05:54,158  INFO TableMetadata:67 - HHH000037: Columns: [id, profile_name, user_id]
23:05:54,158  INFO TableMetadata:69 - HHH000108: Foreign keys: [fk_hwck6rku6h9pspnnjq2m7cxwx]
23:05:54,158  INFO TableMetadata:70 - HHH000126: Indexes: [t_profile_pkey]
23:05:54,182  INFO TableMetadata:66 - HHH000261: Table found: public.t_user
23:05:54,182  INFO TableMetadata:67 - HHH000037: Columns: [id, first_name, last_name]
23:05:54,183  INFO TableMetadata:69 - HHH000108: Foreign keys: []
23:05:54,183  INFO TableMetadata:70 - HHH000126: Indexes: [t_user_pkey]
23:05:54,184  INFO SchemaUpdate:242 - HHH000232: Schema update complete
23:06:58,851  INFO Version:66 - HCANN000001: Hibernate Commons Annotations {4.0.4.Final}
23:06:58,864  INFO Version:54 - HHH000412: Hibernate Core {4.3.3.Final}
23:06:58,868  INFO Environment:239 - HHH000206: hibernate.properties not found
23:06:58,870  INFO Environment:346 - HHH000021: Bytecode provider name : javassist
23:06:58,898  INFO Configuration:2073 - HHH000043: Configuring from resource: hibernate.cfg.xml
23:06:58,898  INFO Configuration:2092 - HHH000040: Configuration resource: hibernate.cfg.xml
23:06:58,964  WARN DTDEntityResolver:75 - HHH000223: Recognized obsolete hibernate namespace http://hibernate.sourceforge.net/. Use namespace http://www.hibernate.org/dtd/ instead. Refer to Hibernate 3.6 Migration Guide!
23:06:59,003  INFO Configuration:757 - HHH000221: Reading mappings from resource: config/hibernate-mapping.xml
23:06:59,047  WARN DTDEntityResolver:75 - HHH000223: Recognized obsolete hibernate namespace http://hibernate.sourceforge.net/. Use namespace http://www.hibernate.org/dtd/ instead. Refer to Hibernate 3.6 Migration Guide!
23:06:59,126  INFO Configuration:2214 - HHH000041: Configured SessionFactory: null
23:06:59,321  WARN DriverManagerConnectionProviderImpl:93 - HHH000402: Using Hibernate built-in connection pool (not for production use!)
23:06:59,323  INFO DriverManagerConnectionProviderImpl:166 - HHH000401: using driver [null] at URL [jdbc:postgresql://localhost:5432/hibernate]
23:06:59,324  INFO DriverManagerConnectionProviderImpl:175 - HHH000046: Connection properties: {user=root, password=****}
23:06:59,324  INFO DriverManagerConnectionProviderImpl:180 - HHH000006: Autocommit mode: false
23:06:59,328  INFO DriverManagerConnectionProviderImpl:102 - HHH000115: Hibernate connection pool size: 10 (min=1)
23:06:59,693  INFO Dialect:145 - HHH000400: Using dialect: org.hibernate.dialect.PostgreSQL82Dialect
23:06:59,726  INFO LobCreatorBuilder:123 - HHH000424: Disabling contextual LOB creation as createClob() method threw error : java.lang.reflect.InvocationTargetException
23:07:00,102  INFO TransactionFactoryInitiator:62 - HHH000399: Using default transaction strategy (direct JDBC transactions)
23:07:00,112  INFO ASTQueryTranslatorFactory:47 - HHH000397: Using ASTQueryTranslatorFactory
23:07:00,429  INFO UpdateTimestampsCache:72 - HHH000250: Starting update timestamps cache at region: org.hibernate.cache.spi.UpdateTimestampsCache
23:07:00,431  WARN AbstractEhcacheRegionFactory:179 - HHH020003: Could not find a specific ehcache configuration for cache named [org.hibernate.cache.spi.UpdateTimestampsCache]; using defaults.
23:07:00,435  INFO StandardQueryCache:90 - HHH000248: Starting query cache at region: org.hibernate.cache.internal.StandardQueryCache
23:07:00,435  WARN AbstractEhcacheRegionFactory:179 - HHH020003: Could not find a specific ehcache configuration for cache named [org.hibernate.cache.internal.StandardQueryCache]; using defaults.
23:07:00,658  INFO SchemaUpdate:182 - HHH000228: Running hbm2ddl schema update
23:07:00,658  INFO SchemaUpdate:193 - HHH000102: Fetching database metadata
23:07:00,661  INFO SchemaUpdate:205 - HHH000396: Updating schema
23:07:00,701  INFO TableMetadata:66 - HHH000261: Table found: public.address
23:07:00,702  INFO TableMetadata:67 - HHH000037: Columns: [id, first_line, second_line, zip_code, person_id, city]
23:07:00,702  INFO TableMetadata:69 - HHH000108: Foreign keys: [fk_pfg7anuxkd85cthwxi9373eac]
23:07:00,702  INFO TableMetadata:70 - HHH000126: Indexes: [address_pkey]
23:07:00,722  INFO TableMetadata:66 - HHH000261: Table found: public.person
23:07:00,722  INFO TableMetadata:67 - HHH000037: Columns: [id, first_name, last_name]
23:07:00,722  INFO TableMetadata:69 - HHH000108: Foreign keys: []
23:07:00,722  INFO TableMetadata:70 - HHH000126: Indexes: [person_pkey]
23:07:00,754  INFO TableMetadata:66 - HHH000261: Table found: public.t_profile
23:07:00,754  INFO TableMetadata:67 - HHH000037: Columns: [id, profile_name, user_id]
23:07:00,754  INFO TableMetadata:69 - HHH000108: Foreign keys: [fk_hwck6rku6h9pspnnjq2m7cxwx]
23:07:00,754  INFO TableMetadata:70 - HHH000126: Indexes: [t_profile_pkey]
23:07:00,774  INFO TableMetadata:66 - HHH000261: Table found: public.t_user
23:07:00,774  INFO TableMetadata:67 - HHH000037: Columns: [id, first_name, last_name]
23:07:00,775  INFO TableMetadata:69 - HHH000108: Foreign keys: []
23:07:00,775  INFO TableMetadata:70 - HHH000126: Indexes: [t_user_pkey]
23:07:00,776  INFO SchemaUpdate:242 - HHH000232: Schema update complete
23:10:28,493  INFO Version:66 - HCANN000001: Hibernate Commons Annotations {4.0.4.Final}
23:10:28,505  INFO Version:54 - HHH000412: Hibernate Core {4.3.3.Final}
23:10:28,510  INFO Environment:239 - HHH000206: hibernate.properties not found
23:10:28,512  INFO Environment:346 - HHH000021: Bytecode provider name : javassist
23:10:28,549  INFO Configuration:2073 - HHH000043: Configuring from resource: hibernate.cfg.xml
23:10:28,549  INFO Configuration:2092 - HHH000040: Configuration resource: hibernate.cfg.xml
23:10:28,605  WARN DTDEntityResolver:75 - HHH000223: Recognized obsolete hibernate namespace http://hibernate.sourceforge.net/. Use namespace http://www.hibernate.org/dtd/ instead. Refer to Hibernate 3.6 Migration Guide!
23:10:28,647  INFO Configuration:757 - HHH000221: Reading mappings from resource: config/hibernate-mapping.xml
23:10:28,680  WARN DTDEntityResolver:75 - HHH000223: Recognized obsolete hibernate namespace http://hibernate.sourceforge.net/. Use namespace http://www.hibernate.org/dtd/ instead. Refer to Hibernate 3.6 Migration Guide!
23:10:28,759  INFO Configuration:2214 - HHH000041: Configured SessionFactory: null
23:10:28,984  WARN DriverManagerConnectionProviderImpl:93 - HHH000402: Using Hibernate built-in connection pool (not for production use!)
23:10:28,986  INFO DriverManagerConnectionProviderImpl:166 - HHH000401: using driver [null] at URL [jdbc:postgresql://localhost:5432/hibernate]
23:10:28,986  INFO DriverManagerConnectionProviderImpl:175 - HHH000046: Connection properties: {user=root, password=****}
23:10:28,986  INFO DriverManagerConnectionProviderImpl:180 - HHH000006: Autocommit mode: false
23:10:28,988  INFO DriverManagerConnectionProviderImpl:102 - HHH000115: Hibernate connection pool size: 10 (min=1)
23:10:29,334  INFO Dialect:145 - HHH000400: Using dialect: org.hibernate.dialect.PostgreSQL82Dialect
23:10:29,359  INFO LobCreatorBuilder:123 - HHH000424: Disabling contextual LOB creation as createClob() method threw error : java.lang.reflect.InvocationTargetException
23:10:29,712  INFO TransactionFactoryInitiator:62 - HHH000399: Using default transaction strategy (direct JDBC transactions)
23:10:29,718  INFO ASTQueryTranslatorFactory:47 - HHH000397: Using ASTQueryTranslatorFactory
23:10:30,093  INFO UpdateTimestampsCache:72 - HHH000250: Starting update timestamps cache at region: org.hibernate.cache.spi.UpdateTimestampsCache
23:10:30,095  WARN AbstractEhcacheRegionFactory:179 - HHH020003: Could not find a specific ehcache configuration for cache named [org.hibernate.cache.spi.UpdateTimestampsCache]; using defaults.
23:10:30,098  INFO StandardQueryCache:90 - HHH000248: Starting query cache at region: org.hibernate.cache.internal.StandardQueryCache
23:10:30,099  WARN AbstractEhcacheRegionFactory:179 - HHH020003: Could not find a specific ehcache configuration for cache named [org.hibernate.cache.internal.StandardQueryCache]; using defaults.
23:10:30,327  INFO SchemaUpdate:182 - HHH000228: Running hbm2ddl schema update
23:10:30,327  INFO SchemaUpdate:193 - HHH000102: Fetching database metadata
23:10:30,331  INFO SchemaUpdate:205 - HHH000396: Updating schema
23:10:30,375  INFO TableMetadata:66 - HHH000261: Table found: public.address
23:10:30,375  INFO TableMetadata:67 - HHH000037: Columns: [id, first_line, second_line, zip_code, person_id, city]
23:10:30,375  INFO TableMetadata:69 - HHH000108: Foreign keys: [fk_pfg7anuxkd85cthwxi9373eac]
23:10:30,376  INFO TableMetadata:70 - HHH000126: Indexes: [address_pkey]
23:10:30,402  INFO TableMetadata:66 - HHH000261: Table found: public.person
23:10:30,402  INFO TableMetadata:67 - HHH000037: Columns: [id, first_name, last_name]
23:10:30,402  INFO TableMetadata:69 - HHH000108: Foreign keys: []
23:10:30,402  INFO TableMetadata:70 - HHH000126: Indexes: [person_pkey]
23:10:30,435  INFO TableMetadata:66 - HHH000261: Table found: public.t_profile
23:10:30,435  INFO TableMetadata:67 - HHH000037: Columns: [id, profile_name, user_id]
23:10:30,435  INFO TableMetadata:69 - HHH000108: Foreign keys: [fk_hwck6rku6h9pspnnjq2m7cxwx]
23:10:30,436  INFO TableMetadata:70 - HHH000126: Indexes: [t_profile_pkey]
23:10:30,458  INFO TableMetadata:66 - HHH000261: Table found: public.t_user
23:10:30,458  INFO TableMetadata:67 - HHH000037: Columns: [id, first_name, last_name]
23:10:30,458  INFO TableMetadata:69 - HHH000108: Foreign keys: []
23:10:30,459  INFO TableMetadata:70 - HHH000126: Indexes: [t_user_pkey]
23:10:30,459  INFO SchemaUpdate:242 - HHH000232: Schema update complete
23:11:12,106  INFO Version:66 - HCANN000001: Hibernate Commons Annotations {4.0.4.Final}
23:11:12,117  INFO Version:54 - HHH000412: Hibernate Core {4.3.3.Final}
23:11:12,121  INFO Environment:239 - HHH000206: hibernate.properties not found
23:11:12,123  INFO Environment:346 - HHH000021: Bytecode provider name : javassist
23:11:12,156  INFO Configuration:2073 - HHH000043: Configuring from resource: hibernate.cfg.xml
23:11:12,156  INFO Configuration:2092 - HHH000040: Configuration resource: hibernate.cfg.xml
23:11:12,212  WARN DTDEntityResolver:75 - HHH000223: Recognized obsolete hibernate namespace http://hibernate.sourceforge.net/. Use namespace http://www.hibernate.org/dtd/ instead. Refer to Hibernate 3.6 Migration Guide!
23:11:12,256  INFO Configuration:757 - HHH000221: Reading mappings from resource: config/hibernate-mapping.xml
23:11:12,288  WARN DTDEntityResolver:75 - HHH000223: Recognized obsolete hibernate namespace http://hibernate.sourceforge.net/. Use namespace http://www.hibernate.org/dtd/ instead. Refer to Hibernate 3.6 Migration Guide!
23:11:12,353  INFO Configuration:2214 - HHH000041: Configured SessionFactory: null
23:11:12,549  WARN DriverManagerConnectionProviderImpl:93 - HHH000402: Using Hibernate built-in connection pool (not for production use!)
23:11:12,551  INFO DriverManagerConnectionProviderImpl:166 - HHH000401: using driver [null] at URL [jdbc:postgresql://localhost:5432/hibernate]
23:11:12,552  INFO DriverManagerConnectionProviderImpl:175 - HHH000046: Connection properties: {user=root, password=****}
23:11:12,552  INFO DriverManagerConnectionProviderImpl:180 - HHH000006: Autocommit mode: false
23:11:12,555  INFO DriverManagerConnectionProviderImpl:102 - HHH000115: Hibernate connection pool size: 10 (min=1)
23:11:12,973  INFO Dialect:145 - HHH000400: Using dialect: org.hibernate.dialect.PostgreSQL82Dialect
23:11:13,004  INFO LobCreatorBuilder:123 - HHH000424: Disabling contextual LOB creation as createClob() method threw error : java.lang.reflect.InvocationTargetException
23:11:13,303  INFO TransactionFactoryInitiator:62 - HHH000399: Using default transaction strategy (direct JDBC transactions)
23:11:13,310  INFO ASTQueryTranslatorFactory:47 - HHH000397: Using ASTQueryTranslatorFactory
23:11:13,577  INFO UpdateTimestampsCache:72 - HHH000250: Starting update timestamps cache at region: org.hibernate.cache.spi.UpdateTimestampsCache
23:11:13,579  WARN AbstractEhcacheRegionFactory:179 - HHH020003: Could not find a specific ehcache configuration for cache named [org.hibernate.cache.spi.UpdateTimestampsCache]; using defaults.
23:11:13,583  INFO StandardQueryCache:90 - HHH000248: Starting query cache at region: org.hibernate.cache.internal.StandardQueryCache
23:11:13,583  WARN AbstractEhcacheRegionFactory:179 - HHH020003: Could not find a specific ehcache configuration for cache named [org.hibernate.cache.internal.StandardQueryCache]; using defaults.
23:11:13,795  INFO SchemaUpdate:182 - HHH000228: Running hbm2ddl schema update
23:11:13,795  INFO SchemaUpdate:193 - HHH000102: Fetching database metadata
23:11:13,798  INFO SchemaUpdate:205 - HHH000396: Updating schema
23:11:13,834  INFO TableMetadata:66 - HHH000261: Table found: public.address
23:11:13,835  INFO TableMetadata:67 - HHH000037: Columns: [id, first_line, second_line, zip_code, person_id, city]
23:11:13,835  INFO TableMetadata:69 - HHH000108: Foreign keys: [fk_pfg7anuxkd85cthwxi9373eac]
23:11:13,835  INFO TableMetadata:70 - HHH000126: Indexes: [address_pkey]
23:11:13,858  INFO TableMetadata:66 - HHH000261: Table found: public.person
23:11:13,858  INFO TableMetadata:67 - HHH000037: Columns: [id, first_name, last_name]
23:11:13,858  INFO TableMetadata:69 - HHH000108: Foreign keys: []
23:11:13,858  INFO TableMetadata:70 - HHH000126: Indexes: [person_pkey]
23:11:13,887  INFO TableMetadata:66 - HHH000261: Table found: public.t_profile
23:11:13,888  INFO TableMetadata:67 - HHH000037: Columns: [id, profile_name, user_id]
23:11:13,888  INFO TableMetadata:69 - HHH000108: Foreign keys: [fk_hwck6rku6h9pspnnjq2m7cxwx]
23:11:13,888  INFO TableMetadata:70 - HHH000126: Indexes: [t_profile_pkey]
23:11:13,910  INFO TableMetadata:66 - HHH000261: Table found: public.t_user
23:11:13,911  INFO TableMetadata:67 - HHH000037: Columns: [id, first_name, last_name]
23:11:13,911  INFO TableMetadata:69 - HHH000108: Foreign keys: []
23:11:13,911  INFO TableMetadata:70 - HHH000126: Indexes: [t_user_pkey]
23:11:13,912  INFO SchemaUpdate:242 - HHH000232: Schema update complete
23:12:46,655  INFO Version:66 - HCANN000001: Hibernate Commons Annotations {4.0.4.Final}
23:12:46,667  INFO Version:54 - HHH000412: Hibernate Core {4.3.3.Final}
23:12:48,484  INFO Version:66 - HCANN000001: Hibernate Commons Annotations {4.0.4.Final}
23:12:48,497  INFO Version:54 - HHH000412: Hibernate Core {4.3.3.Final}
23:12:48,501  INFO Environment:239 - HHH000206: hibernate.properties not found
23:12:48,504  INFO Environment:346 - HHH000021: Bytecode provider name : javassist
23:12:48,540  INFO Configuration:2073 - HHH000043: Configuring from resource: hibernate.cfg.xml
23:12:48,541  INFO Configuration:2092 - HHH000040: Configuration resource: hibernate.cfg.xml
23:12:48,609  WARN DTDEntityResolver:75 - HHH000223: Recognized obsolete hibernate namespace http://hibernate.sourceforge.net/. Use namespace http://www.hibernate.org/dtd/ instead. Refer to Hibernate 3.6 Migration Guide!
23:12:48,653  INFO Configuration:757 - HHH000221: Reading mappings from resource: config/hibernate-mapping.xml
23:12:48,692  WARN DTDEntityResolver:75 - HHH000223: Recognized obsolete hibernate namespace http://hibernate.sourceforge.net/. Use namespace http://www.hibernate.org/dtd/ instead. Refer to Hibernate 3.6 Migration Guide!
23:12:48,753  INFO Configuration:2214 - HHH000041: Configured SessionFactory: null
23:12:48,966  WARN DriverManagerConnectionProviderImpl:93 - HHH000402: Using Hibernate built-in connection pool (not for production use!)
23:12:48,968  INFO DriverManagerConnectionProviderImpl:166 - HHH000401: using driver [null] at URL [jdbc:postgresql://localhost:5432/hibernate]
23:12:48,968  INFO DriverManagerConnectionProviderImpl:175 - HHH000046: Connection properties: {user=root, password=****}
23:12:48,968  INFO DriverManagerConnectionProviderImpl:180 - HHH000006: Autocommit mode: false
23:12:48,970  INFO DriverManagerConnectionProviderImpl:102 - HHH000115: Hibernate connection pool size: 10 (min=1)
23:12:49,370  INFO Dialect:145 - HHH000400: Using dialect: org.hibernate.dialect.PostgreSQL82Dialect
23:12:49,423  INFO LobCreatorBuilder:123 - HHH000424: Disabling contextual LOB creation as createClob() method threw error : java.lang.reflect.InvocationTargetException
23:12:49,720  INFO TransactionFactoryInitiator:62 - HHH000399: Using default transaction strategy (direct JDBC transactions)
23:12:49,724  INFO ASTQueryTranslatorFactory:47 - HHH000397: Using ASTQueryTranslatorFactory
23:12:49,976  INFO UpdateTimestampsCache:72 - HHH000250: Starting update timestamps cache at region: org.hibernate.cache.spi.UpdateTimestampsCache
23:12:49,979  WARN AbstractEhcacheRegionFactory:179 - HHH020003: Could not find a specific ehcache configuration for cache named [org.hibernate.cache.spi.UpdateTimestampsCache]; using defaults.
23:12:49,982  INFO StandardQueryCache:90 - HHH000248: Starting query cache at region: org.hibernate.cache.internal.StandardQueryCache
23:12:49,983  WARN AbstractEhcacheRegionFactory:179 - HHH020003: Could not find a specific ehcache configuration for cache named [org.hibernate.cache.internal.StandardQueryCache]; using defaults.
23:12:50,206  INFO SchemaUpdate:182 - HHH000228: Running hbm2ddl schema update
23:12:50,207  INFO SchemaUpdate:193 - HHH000102: Fetching database metadata
23:12:50,210  INFO SchemaUpdate:205 - HHH000396: Updating schema
23:12:50,249  INFO TableMetadata:66 - HHH000261: Table found: public.address
23:12:50,249  INFO TableMetadata:67 - HHH000037: Columns: [id, first_line, second_line, zip_code, person_id, city]
23:12:50,249  INFO TableMetadata:69 - HHH000108: Foreign keys: [fk_pfg7anuxkd85cthwxi9373eac]
23:12:50,249  INFO TableMetadata:70 - HHH000126: Indexes: [address_pkey]
23:12:50,271  INFO TableMetadata:66 - HHH000261: Table found: public.person
23:12:50,271  INFO TableMetadata:67 - HHH000037: Columns: [id, first_name, last_name]
23:12:50,271  INFO TableMetadata:69 - HHH000108: Foreign keys: []
23:12:50,271  INFO TableMetadata:70 - HHH000126: Indexes: [person_pkey]
23:12:50,310  INFO TableMetadata:66 - HHH000261: Table found: public.t_profile
23:12:50,310  INFO TableMetadata:67 - HHH000037: Columns: [id, profile_name, user_id]
23:12:50,311  INFO TableMetadata:69 - HHH000108: Foreign keys: [fk_hwck6rku6h9pspnnjq2m7cxwx]
23:12:50,311  INFO TableMetadata:70 - HHH000126: Indexes: [t_profile_pkey]
23:12:50,344  INFO TableMetadata:66 - HHH000261: Table found: public.t_user
23:12:50,344  INFO TableMetadata:67 - HHH000037: Columns: [id, first_name, last_name]
23:12:50,344  INFO TableMetadata:69 - HHH000108: Foreign keys: []
23:12:50,344  INFO TableMetadata:70 - HHH000126: Indexes: [t_user_pkey]
23:12:50,345  INFO SchemaUpdate:242 - HHH000232: Schema update complete
23:13:16,812  INFO Version:66 - HCANN000001: Hibernate Commons Annotations {4.0.4.Final}
23:13:16,826  INFO Version:54 - HHH000412: Hibernate Core {4.3.3.Final}
23:13:16,832  INFO Environment:239 - HHH000206: hibernate.properties not found
23:13:16,835  INFO Environment:346 - HHH000021: Bytecode provider name : javassist
23:13:16,877  INFO Configuration:2073 - HHH000043: Configuring from resource: hibernate.cfg.xml
23:13:16,878  INFO Configuration:2092 - HHH000040: Configuration resource: hibernate.cfg.xml
23:13:16,951  WARN DTDEntityResolver:75 - HHH000223: Recognized obsolete hibernate namespace http://hibernate.sourceforge.net/. Use namespace http://www.hibernate.org/dtd/ instead. Refer to Hibernate 3.6 Migration Guide!
23:13:16,990  INFO Configuration:757 - HHH000221: Reading mappings from resource: config/hibernate-mapping.xml
23:13:17,028  WARN DTDEntityResolver:75 - HHH000223: Recognized obsolete hibernate namespace http://hibernate.sourceforge.net/. Use namespace http://www.hibernate.org/dtd/ instead. Refer to Hibernate 3.6 Migration Guide!
23:13:17,084  INFO Configuration:2214 - HHH000041: Configured SessionFactory: null
23:13:17,291  WARN DriverManagerConnectionProviderImpl:93 - HHH000402: Using Hibernate built-in connection pool (not for production use!)
23:13:17,292  INFO DriverManagerConnectionProviderImpl:166 - HHH000401: using driver [null] at URL [jdbc:postgresql://localhost:5432/hibernate]
23:13:17,293  INFO DriverManagerConnectionProviderImpl:175 - HHH000046: Connection properties: {user=root, password=****}
23:13:17,293  INFO DriverManagerConnectionProviderImpl:180 - HHH000006: Autocommit mode: false
23:13:17,296  INFO DriverManagerConnectionProviderImpl:102 - HHH000115: Hibernate connection pool size: 10 (min=1)
23:13:17,654  INFO Dialect:145 - HHH000400: Using dialect: org.hibernate.dialect.PostgreSQL82Dialect
23:13:17,671  INFO LobCreatorBuilder:123 - HHH000424: Disabling contextual LOB creation as createClob() method threw error : java.lang.reflect.InvocationTargetException
23:13:18,027  INFO TransactionFactoryInitiator:62 - HHH000399: Using default transaction strategy (direct JDBC transactions)
23:13:18,036  INFO ASTQueryTranslatorFactory:47 - HHH000397: Using ASTQueryTranslatorFactory
23:13:18,418  INFO UpdateTimestampsCache:72 - HHH000250: Starting update timestamps cache at region: org.hibernate.cache.spi.UpdateTimestampsCache
23:13:18,420  WARN AbstractEhcacheRegionFactory:179 - HHH020003: Could not find a specific ehcache configuration for cache named [org.hibernate.cache.spi.UpdateTimestampsCache]; using defaults.
23:13:18,424  INFO StandardQueryCache:90 - HHH000248: Starting query cache at region: org.hibernate.cache.internal.StandardQueryCache
23:13:18,424  WARN AbstractEhcacheRegionFactory:179 - HHH020003: Could not find a specific ehcache configuration for cache named [org.hibernate.cache.internal.StandardQueryCache]; using defaults.
23:13:18,647  INFO SchemaUpdate:182 - HHH000228: Running hbm2ddl schema update
23:13:18,647  INFO SchemaUpdate:193 - HHH000102: Fetching database metadata
23:13:18,650  INFO SchemaUpdate:205 - HHH000396: Updating schema
23:13:18,683  INFO TableMetadata:66 - HHH000261: Table found: public.address
23:13:18,684  INFO TableMetadata:67 - HHH000037: Columns: [id, first_line, second_line, zip_code, person_id, city]
23:13:18,684  INFO TableMetadata:69 - HHH000108: Foreign keys: [fk_pfg7anuxkd85cthwxi9373eac]
23:13:18,684  INFO TableMetadata:70 - HHH000126: Indexes: [address_pkey]
23:13:18,706  INFO TableMetadata:66 - HHH000261: Table found: public.person
23:13:18,706  INFO TableMetadata:67 - HHH000037: Columns: [id, first_name, last_name]
23:13:18,706  INFO TableMetadata:69 - HHH000108: Foreign keys: []
23:13:18,706  INFO TableMetadata:70 - HHH000126: Indexes: [person_pkey]
23:13:18,740  INFO TableMetadata:66 - HHH000261: Table found: public.t_profile
23:13:18,740  INFO TableMetadata:67 - HHH000037: Columns: [id, profile_name, user_id]
23:13:18,741  INFO TableMetadata:69 - HHH000108: Foreign keys: [fk_hwck6rku6h9pspnnjq2m7cxwx]
23:13:18,741  INFO TableMetadata:70 - HHH000126: Indexes: [t_profile_pkey]
23:13:18,765  INFO TableMetadata:66 - HHH000261: Table found: public.t_user
23:13:18,765  INFO TableMetadata:67 - HHH000037: Columns: [id, first_name, last_name]
23:13:18,765  INFO TableMetadata:69 - HHH000108: Foreign keys: []
23:13:18,765  INFO TableMetadata:70 - HHH000126: Indexes: [t_user_pkey]
23:13:18,766  INFO SchemaUpdate:242 - HHH000232: Schema update complete
23:15:36,192  INFO Version:66 - HCANN000001: Hibernate Commons Annotations {4.0.4.Final}
23:15:36,203  INFO Version:54 - HHH000412: Hibernate Core {4.3.3.Final}
23:15:36,209  INFO Environment:239 - HHH000206: hibernate.properties not found
23:15:36,212  INFO Environment:346 - HHH000021: Bytecode provider name : javassist
23:15:36,241  INFO Configuration:2073 - HHH000043: Configuring from resource: hibernate.cfg.xml
23:15:36,241  INFO Configuration:2092 - HHH000040: Configuration resource: hibernate.cfg.xml
23:15:36,305  WARN DTDEntityResolver:75 - HHH000223: Recognized obsolete hibernate namespace http://hibernate.sourceforge.net/. Use namespace http://www.hibernate.org/dtd/ instead. Refer to Hibernate 3.6 Migration Guide!
23:15:36,349  INFO Configuration:757 - HHH000221: Reading mappings from resource: config/hibernate-mapping.xml
23:15:36,376  WARN DTDEntityResolver:75 - HHH000223: Recognized obsolete hibernate namespace http://hibernate.sourceforge.net/. Use namespace http://www.hibernate.org/dtd/ instead. Refer to Hibernate 3.6 Migration Guide!
23:15:36,477  INFO Configuration:2214 - HHH000041: Configured SessionFactory: null
23:15:36,697  WARN DriverManagerConnectionProviderImpl:93 - HHH000402: Using Hibernate built-in connection pool (not for production use!)
23:15:36,699  INFO DriverManagerConnectionProviderImpl:166 - HHH000401: using driver [null] at URL [jdbc:postgresql://localhost:5432/hibernate]
23:15:36,699  INFO DriverManagerConnectionProviderImpl:175 - HHH000046: Connection properties: {user=root, password=****}
23:15:36,700  INFO DriverManagerConnectionProviderImpl:180 - HHH000006: Autocommit mode: false
23:15:36,703  INFO DriverManagerConnectionProviderImpl:102 - HHH000115: Hibernate connection pool size: 10 (min=1)
23:15:37,082  INFO Dialect:145 - HHH000400: Using dialect: org.hibernate.dialect.PostgreSQL82Dialect
23:15:37,102  INFO LobCreatorBuilder:123 - HHH000424: Disabling contextual LOB creation as createClob() method threw error : java.lang.reflect.InvocationTargetException
23:15:37,427  INFO TransactionFactoryInitiator:62 - HHH000399: Using default transaction strategy (direct JDBC transactions)
23:15:37,434  INFO ASTQueryTranslatorFactory:47 - HHH000397: Using ASTQueryTranslatorFactory
23:15:37,732  INFO UpdateTimestampsCache:72 - HHH000250: Starting update timestamps cache at region: org.hibernate.cache.spi.UpdateTimestampsCache
23:15:37,734  WARN AbstractEhcacheRegionFactory:179 - HHH020003: Could not find a specific ehcache configuration for cache named [org.hibernate.cache.spi.UpdateTimestampsCache]; using defaults.
23:15:37,738  INFO StandardQueryCache:90 - HHH000248: Starting query cache at region: org.hibernate.cache.internal.StandardQueryCache
23:15:37,738  WARN AbstractEhcacheRegionFactory:179 - HHH020003: Could not find a specific ehcache configuration for cache named [org.hibernate.cache.internal.StandardQueryCache]; using defaults.
23:15:37,955  INFO SchemaUpdate:182 - HHH000228: Running hbm2ddl schema update
23:15:37,955  INFO SchemaUpdate:193 - HHH000102: Fetching database metadata
23:15:37,959  INFO SchemaUpdate:205 - HHH000396: Updating schema
23:15:37,995  INFO TableMetadata:66 - HHH000261: Table found: public.address
23:15:37,995  INFO TableMetadata:67 - HHH000037: Columns: [id, first_line, second_line, zip_code, person_id, city]
23:15:37,995  INFO TableMetadata:69 - HHH000108: Foreign keys: [fk_pfg7anuxkd85cthwxi9373eac]
23:15:37,995  INFO TableMetadata:70 - HHH000126: Indexes: [address_pkey]
23:15:38,018  INFO TableMetadata:66 - HHH000261: Table found: public.person
23:15:38,018  INFO TableMetadata:67 - HHH000037: Columns: [id, first_name, last_name]
23:15:38,018  INFO TableMetadata:69 - HHH000108: Foreign keys: []
23:15:38,019  INFO TableMetadata:70 - HHH000126: Indexes: [person_pkey]
23:15:38,053  INFO TableMetadata:66 - HHH000261: Table found: public.t_profile
23:15:38,054  INFO TableMetadata:67 - HHH000037: Columns: [id, profile_name, user_id]
23:15:38,054  INFO TableMetadata:69 - HHH000108: Foreign keys: [fk_hwck6rku6h9pspnnjq2m7cxwx]
23:15:38,054  INFO TableMetadata:70 - HHH000126: Indexes: [t_profile_pkey]
23:15:38,075  INFO TableMetadata:66 - HHH000261: Table found: public.t_user
23:15:38,075  INFO TableMetadata:67 - HHH000037: Columns: [id, first_name, last_name]
23:15:38,075  INFO TableMetadata:69 - HHH000108: Foreign keys: []
23:15:38,076  INFO TableMetadata:70 - HHH000126: Indexes: [t_user_pkey]
23:15:38,076  INFO SchemaUpdate:242 - HHH000232: Schema update complete
23:21:10,275  INFO Version:66 - HCANN000001: Hibernate Commons Annotations {4.0.4.Final}
23:21:10,287  INFO Version:54 - HHH000412: Hibernate Core {4.3.3.Final}
23:21:10,293  INFO Environment:239 - HHH000206: hibernate.properties not found
23:21:10,296  INFO Environment:346 - HHH000021: Bytecode provider name : javassist
23:21:10,358  INFO Configuration:2073 - HHH000043: Configuring from resource: hibernate.cfg.xml
23:21:10,358  INFO Configuration:2092 - HHH000040: Configuration resource: hibernate.cfg.xml
23:21:10,446  WARN DTDEntityResolver:75 - HHH000223: Recognized obsolete hibernate namespace http://hibernate.sourceforge.net/. Use namespace http://www.hibernate.org/dtd/ instead. Refer to Hibernate 3.6 Migration Guide!
23:21:10,510  INFO Configuration:757 - HHH000221: Reading mappings from resource: config/hibernate-mapping.xml
23:21:10,578  WARN DTDEntityResolver:75 - HHH000223: Recognized obsolete hibernate namespace http://hibernate.sourceforge.net/. Use namespace http://www.hibernate.org/dtd/ instead. Refer to Hibernate 3.6 Migration Guide!
23:21:10,704  INFO Configuration:2214 - HHH000041: Configured SessionFactory: null
23:21:11,036  WARN DriverManagerConnectionProviderImpl:93 - HHH000402: Using Hibernate built-in connection pool (not for production use!)
23:21:11,037  INFO DriverManagerConnectionProviderImpl:166 - HHH000401: using driver [null] at URL [jdbc:postgresql://localhost:5432/hibernate]
23:21:11,038  INFO DriverManagerConnectionProviderImpl:175 - HHH000046: Connection properties: {user=root, password=****}
23:21:11,038  INFO DriverManagerConnectionProviderImpl:180 - HHH000006: Autocommit mode: false
23:21:11,040  INFO DriverManagerConnectionProviderImpl:102 - HHH000115: Hibernate connection pool size: 10 (min=1)
23:21:11,489  INFO Dialect:145 - HHH000400: Using dialect: org.hibernate.dialect.PostgreSQL82Dialect
23:21:11,508  INFO LobCreatorBuilder:123 - HHH000424: Disabling contextual LOB creation as createClob() method threw error : java.lang.reflect.InvocationTargetException
23:21:11,774  INFO TransactionFactoryInitiator:62 - HHH000399: Using default transaction strategy (direct JDBC transactions)
23:21:11,779  INFO ASTQueryTranslatorFactory:47 - HHH000397: Using ASTQueryTranslatorFactory
23:21:12,055  INFO UpdateTimestampsCache:72 - HHH000250: Starting update timestamps cache at region: org.hibernate.cache.spi.UpdateTimestampsCache
23:21:12,058  WARN AbstractEhcacheRegionFactory:179 - HHH020003: Could not find a specific ehcache configuration for cache named [org.hibernate.cache.spi.UpdateTimestampsCache]; using defaults.
23:21:12,062  INFO StandardQueryCache:90 - HHH000248: Starting query cache at region: org.hibernate.cache.internal.StandardQueryCache
23:21:12,063  WARN AbstractEhcacheRegionFactory:179 - HHH020003: Could not find a specific ehcache configuration for cache named [org.hibernate.cache.internal.StandardQueryCache]; using defaults.
23:21:12,341  INFO SchemaUpdate:182 - HHH000228: Running hbm2ddl schema update
23:21:12,341  INFO SchemaUpdate:193 - HHH000102: Fetching database metadata
23:21:12,346  INFO SchemaUpdate:205 - HHH000396: Updating schema
23:21:12,401  INFO TableMetadata:66 - HHH000261: Table found: public.address
23:21:12,402  INFO TableMetadata:67 - HHH000037: Columns: [id, first_line, second_line, zip_code, person_id, city]
23:21:12,402  INFO TableMetadata:69 - HHH000108: Foreign keys: [fk_pfg7anuxkd85cthwxi9373eac]
23:21:12,402  INFO TableMetadata:70 - HHH000126: Indexes: [address_pkey]
23:21:12,422  INFO TableMetadata:66 - HHH000261: Table found: public.person
23:21:12,422  INFO TableMetadata:67 - HHH000037: Columns: [id, first_name, last_name]
23:21:12,422  INFO TableMetadata:69 - HHH000108: Foreign keys: []
23:21:12,423  INFO TableMetadata:70 - HHH000126: Indexes: [person_pkey]
23:21:12,452  INFO TableMetadata:66 - HHH000261: Table found: public.t_profile
23:21:12,452  INFO TableMetadata:67 - HHH000037: Columns: [id, profile_name, user_id]
23:21:12,452  INFO TableMetadata:69 - HHH000108: Foreign keys: [fk_hwck6rku6h9pspnnjq2m7cxwx]
23:21:12,452  INFO TableMetadata:70 - HHH000126: Indexes: [t_profile_pkey]
23:21:12,473  INFO TableMetadata:66 - HHH000261: Table found: public.t_user
23:21:12,474  INFO TableMetadata:67 - HHH000037: Columns: [id, first_name, last_name]
23:21:12,474  INFO TableMetadata:69 - HHH000108: Foreign keys: []
23:21:12,474  INFO TableMetadata:70 - HHH000126: Indexes: [t_user_pkey]
23:21:12,475  INFO SchemaUpdate:242 - HHH000232: Schema update complete
23:21:35,205  INFO Version:66 - HCANN000001: Hibernate Commons Annotations {4.0.4.Final}
23:21:35,217  INFO Version:54 - HHH000412: Hibernate Core {4.3.3.Final}
23:21:35,222  INFO Environment:239 - HHH000206: hibernate.properties not found
23:21:35,226  INFO Environment:346 - HHH000021: Bytecode provider name : javassist
23:21:35,262  INFO Configuration:2073 - HHH000043: Configuring from resource: hibernate.cfg.xml
23:21:35,262  INFO Configuration:2092 - HHH000040: Configuration resource: hibernate.cfg.xml
23:21:35,336  WARN DTDEntityResolver:75 - HHH000223: Recognized obsolete hibernate namespace http://hibernate.sourceforge.net/. Use namespace http://www.hibernate.org/dtd/ instead. Refer to Hibernate 3.6 Migration Guide!
23:21:35,385  INFO Configuration:757 - HHH000221: Reading mappings from resource: config/hibernate-mapping.xml
23:21:35,440  WARN DTDEntityResolver:75 - HHH000223: Recognized obsolete hibernate namespace http://hibernate.sourceforge.net/. Use namespace http://www.hibernate.org/dtd/ instead. Refer to Hibernate 3.6 Migration Guide!
23:21:35,503  INFO Configuration:2214 - HHH000041: Configured SessionFactory: null
23:21:35,724  WARN DriverManagerConnectionProviderImpl:93 - HHH000402: Using Hibernate built-in connection pool (not for production use!)
23:21:35,725  INFO DriverManagerConnectionProviderImpl:166 - HHH000401: using driver [null] at URL [jdbc:postgresql://localhost:5432/hibernate]
23:21:35,726  INFO DriverManagerConnectionProviderImpl:175 - HHH000046: Connection properties: {user=root, password=****}
23:21:35,726  INFO DriverManagerConnectionProviderImpl:180 - HHH000006: Autocommit mode: false
23:21:35,727  INFO DriverManagerConnectionProviderImpl:102 - HHH000115: Hibernate connection pool size: 10 (min=1)
23:21:36,098  INFO Dialect:145 - HHH000400: Using dialect: org.hibernate.dialect.PostgreSQL82Dialect
23:21:36,119  INFO LobCreatorBuilder:123 - HHH000424: Disabling contextual LOB creation as createClob() method threw error : java.lang.reflect.InvocationTargetException
23:21:36,480  INFO TransactionFactoryInitiator:62 - HHH000399: Using default transaction strategy (direct JDBC transactions)
23:21:36,487  INFO ASTQueryTranslatorFactory:47 - HHH000397: Using ASTQueryTranslatorFactory
23:21:36,806  INFO UpdateTimestampsCache:72 - HHH000250: Starting update timestamps cache at region: org.hibernate.cache.spi.UpdateTimestampsCache
23:21:36,808  WARN AbstractEhcacheRegionFactory:179 - HHH020003: Could not find a specific ehcache configuration for cache named [org.hibernate.cache.spi.UpdateTimestampsCache]; using defaults.
23:21:36,811  INFO StandardQueryCache:90 - HHH000248: Starting query cache at region: org.hibernate.cache.internal.StandardQueryCache
23:21:36,811  WARN AbstractEhcacheRegionFactory:179 - HHH020003: Could not find a specific ehcache configuration for cache named [org.hibernate.cache.internal.StandardQueryCache]; using defaults.
23:21:37,015  INFO SchemaUpdate:182 - HHH000228: Running hbm2ddl schema update
23:21:37,015  INFO SchemaUpdate:193 - HHH000102: Fetching database metadata
23:21:37,019  INFO SchemaUpdate:205 - HHH000396: Updating schema
23:21:37,057  INFO TableMetadata:66 - HHH000261: Table found: public.address
23:21:37,058  INFO TableMetadata:67 - HHH000037: Columns: [id, first_line, second_line, zip_code, person_id, city]
23:21:37,058  INFO TableMetadata:69 - HHH000108: Foreign keys: [fk_pfg7anuxkd85cthwxi9373eac]
23:21:37,058  INFO TableMetadata:70 - HHH000126: Indexes: [address_pkey]
23:21:37,078  INFO TableMetadata:66 - HHH000261: Table found: public.person
23:21:37,078  INFO TableMetadata:67 - HHH000037: Columns: [id, first_name, last_name]
23:21:37,078  INFO TableMetadata:69 - HHH000108: Foreign keys: []
23:21:37,078  INFO TableMetadata:70 - HHH000126: Indexes: [person_pkey]
23:21:37,107  INFO TableMetadata:66 - HHH000261: Table found: public.t_profile
23:21:37,107  INFO TableMetadata:67 - HHH000037: Columns: [id, profile_name, user_id]
23:21:37,107  INFO TableMetadata:69 - HHH000108: Foreign keys: [fk_hwck6rku6h9pspnnjq2m7cxwx]
23:21:37,108  INFO TableMetadata:70 - HHH000126: Indexes: [t_profile_pkey]
23:21:37,128  INFO TableMetadata:66 - HHH000261: Table found: public.t_user
23:21:37,129  INFO TableMetadata:67 - HHH000037: Columns: [id, first_name, last_name]
23:21:37,129  INFO TableMetadata:69 - HHH000108: Foreign keys: []
23:21:37,129  INFO TableMetadata:70 - HHH000126: Indexes: [t_user_pkey]
23:21:37,130  INFO SchemaUpdate:242 - HHH000232: Schema update complete
23:23:26,370  INFO Version:66 - HCANN000001: Hibernate Commons Annotations {4.0.4.Final}
23:23:26,384  INFO Version:54 - HHH000412: Hibernate Core {4.3.3.Final}
23:23:26,389  INFO Environment:239 - HHH000206: hibernate.properties not found
23:23:26,392  INFO Environment:346 - HHH000021: Bytecode provider name : javassist
23:23:26,423  INFO Configuration:2073 - HHH000043: Configuring from resource: hibernate.cfg.xml
23:23:26,423  INFO Configuration:2092 - HHH000040: Configuration resource: hibernate.cfg.xml
23:23:26,488  WARN DTDEntityResolver:75 - HHH000223: Recognized obsolete hibernate namespace http://hibernate.sourceforge.net/. Use namespace http://www.hibernate.org/dtd/ instead. Refer to Hibernate 3.6 Migration Guide!
23:23:26,525  INFO Configuration:757 - HHH000221: Reading mappings from resource: config/hibernate-mapping.xml
23:23:26,563  WARN DTDEntityResolver:75 - HHH000223: Recognized obsolete hibernate namespace http://hibernate.sourceforge.net/. Use namespace http://www.hibernate.org/dtd/ instead. Refer to Hibernate 3.6 Migration Guide!
23:23:26,633  INFO Configuration:2214 - HHH000041: Configured SessionFactory: null
23:23:26,913  WARN DriverManagerConnectionProviderImpl:93 - HHH000402: Using Hibernate built-in connection pool (not for production use!)
23:23:26,915  INFO DriverManagerConnectionProviderImpl:166 - HHH000401: using driver [null] at URL [jdbc:postgresql://localhost:5432/hibernate]
23:23:26,919  INFO DriverManagerConnectionProviderImpl:175 - HHH000046: Connection properties: {user=root, password=****}
23:23:26,920  INFO DriverManagerConnectionProviderImpl:180 - HHH000006: Autocommit mode: false
23:23:26,922  INFO DriverManagerConnectionProviderImpl:102 - HHH000115: Hibernate connection pool size: 10 (min=1)
23:23:27,294  INFO Dialect:145 - HHH000400: Using dialect: org.hibernate.dialect.PostgreSQL82Dialect
23:23:27,318  INFO LobCreatorBuilder:123 - HHH000424: Disabling contextual LOB creation as createClob() method threw error : java.lang.reflect.InvocationTargetException
23:23:27,715  INFO TransactionFactoryInitiator:62 - HHH000399: Using default transaction strategy (direct JDBC transactions)
23:23:27,720  INFO ASTQueryTranslatorFactory:47 - HHH000397: Using ASTQueryTranslatorFactory
23:23:28,096  INFO UpdateTimestampsCache:72 - HHH000250: Starting update timestamps cache at region: org.hibernate.cache.spi.UpdateTimestampsCache
23:23:28,098  WARN AbstractEhcacheRegionFactory:179 - HHH020003: Could not find a specific ehcache configuration for cache named [org.hibernate.cache.spi.UpdateTimestampsCache]; using defaults.
23:23:28,101  INFO StandardQueryCache:90 - HHH000248: Starting query cache at region: org.hibernate.cache.internal.StandardQueryCache
23:23:28,102  WARN AbstractEhcacheRegionFactory:179 - HHH020003: Could not find a specific ehcache configuration for cache named [org.hibernate.cache.internal.StandardQueryCache]; using defaults.
23:23:28,351  INFO SchemaUpdate:182 - HHH000228: Running hbm2ddl schema update
23:23:28,351  INFO SchemaUpdate:193 - HHH000102: Fetching database metadata
23:23:28,355  INFO SchemaUpdate:205 - HHH000396: Updating schema
23:23:28,388  INFO TableMetadata:66 - HHH000261: Table found: public.address
23:23:28,389  INFO TableMetadata:67 - HHH000037: Columns: [id, first_line, second_line, zip_code, person_id, city]
23:23:28,389  INFO TableMetadata:69 - HHH000108: Foreign keys: [fk_pfg7anuxkd85cthwxi9373eac]
23:23:28,389  INFO TableMetadata:70 - HHH000126: Indexes: [address_pkey]
23:23:28,415  INFO TableMetadata:66 - HHH000261: Table found: public.person
23:23:28,416  INFO TableMetadata:67 - HHH000037: Columns: [id, first_name, last_name]
23:23:28,416  INFO TableMetadata:69 - HHH000108: Foreign keys: []
23:23:28,416  INFO TableMetadata:70 - HHH000126: Indexes: [person_pkey]
23:23:28,447  INFO TableMetadata:66 - HHH000261: Table found: public.t_profile
23:23:28,447  INFO TableMetadata:67 - HHH000037: Columns: [id, profile_name, user_id]
23:23:28,447  INFO TableMetadata:69 - HHH000108: Foreign keys: [fk_hwck6rku6h9pspnnjq2m7cxwx]
23:23:28,447  INFO TableMetadata:70 - HHH000126: Indexes: [t_profile_pkey]
23:23:28,467  INFO TableMetadata:66 - HHH000261: Table found: public.t_user
23:23:28,467  INFO TableMetadata:67 - HHH000037: Columns: [id, first_name, last_name]
23:23:28,467  INFO TableMetadata:69 - HHH000108: Foreign keys: []
23:23:28,468  INFO TableMetadata:70 - HHH000126: Indexes: [t_user_pkey]
23:23:28,468  INFO SchemaUpdate:242 - HHH000232: Schema update complete
